<?xml version="1.0" encoding="UTF-8"?>
<!-- Generated by org.testng.reporters.JUnitXMLReporter -->
<testsuite hostname="WS00BV002" ignored="0" name="Default test" tests="6" failures="0" timestamp="23 Oct 2019 13:18:27 GMT" time="5.433" errors="0">
  <testcase name="tesеWeather" time="3.237" classname="sysla.Sysla"/>
  <testcase name="getWeatherInfoOfDelhiWithValidData" time="0.317" classname="sysla.Sysla"/>
  <testcase name="getWeatherInfoOfLondonWithInValidData1" time="0.169" classname="sysla.Sysla"/>
  <testcase name="getWeatherInfoOfLondonWithInValidData2" time="0.112" classname="sysla.Sysla"/>
  <testcase name="testResponsecode" time="1.107" classname="sysla.Sysla"/>
  <testcase name="testbody" time="0.441" classname="sysla.Sysla"/>
</testsuite> <!-- Default test -->
